  DemoOpencv44Dlg.cpp
C:\Users\itta_\Documents\visualstudio_project\DemoOpencv412\DemoOpencv44\DemoOpencv44Dlg.cpp(154,30): warning C4244: '=' : conversion de '_Ty' en 'int', perte possible de données
          with
          [
              _Ty=double
          ]
C:\Users\itta_\Documents\visualstudio_project\DemoOpencv412\DemoOpencv44\DemoOpencv44Dlg.cpp(160,32): warning C4244: '=' : conversion de '_Ty' en 'int', perte possible de données
          with
          [
              _Ty=double
          ]
C:\Users\itta_\Documents\visualstudio_project\DemoOpencv412\DemoOpencv44\DemoOpencv44Dlg.cpp(412,137): warning C4244: 'argument' : conversion de 'double' en '_Tp', perte possible de données
          with
          [
              _Tp=int
          ]
C:\Users\itta_\Documents\visualstudio_project\DemoOpencv412\DemoOpencv44\DemoOpencv44Dlg.cpp(412,99): warning C4244: 'argument' : conversion de 'double' en '_Tp', perte possible de données
          with
          [
              _Tp=int
          ]
C:\Users\itta_\Documents\visualstudio_project\DemoOpencv412\DemoOpencv44\DemoOpencv44Dlg.cpp(413,135): warning C4244: 'argument' : conversion de 'double' en '_Tp', perte possible de données
          with
          [
              _Tp=int
          ]
C:\Users\itta_\Documents\visualstudio_project\DemoOpencv412\DemoOpencv44\DemoOpencv44Dlg.cpp(413,98): warning C4244: 'argument' : conversion de 'double' en '_Tp', perte possible de données
          with
          [
              _Tp=int
          ]
C:\Users\itta_\Documents\visualstudio_project\DemoOpencv412\DemoOpencv44\DemoOpencv44Dlg.cpp(414,136): warning C4244: 'argument' : conversion de 'double' en '_Tp', perte possible de données
          with
          [
              _Tp=int
          ]
C:\Users\itta_\Documents\visualstudio_project\DemoOpencv412\DemoOpencv44\DemoOpencv44Dlg.cpp(414,98): warning C4244: 'argument' : conversion de 'double' en '_Tp', perte possible de données
          with
          [
              _Tp=int
          ]
C:\Users\itta_\Documents\visualstudio_project\DemoOpencv412\DemoOpencv44\DemoOpencv44Dlg.cpp(454,29): warning C4244: 'argument' : conversion de 'double' en 'int', perte possible de données
C:\Users\itta_\Documents\visualstudio_project\DemoOpencv412\DemoOpencv44\DemoOpencv44Dlg.cpp(475,60): warning C4267: 'argument' : conversion de 'size_t' en 'int', perte possible de données
C:\Users\itta_\Documents\visualstudio_project\DemoOpencv412\DemoOpencv44\DemoOpencv44Dlg.cpp(493,18): warning C4305: 'initialisation' : troncation de 'double' à 'float'
C:\Users\itta_\Documents\visualstudio_project\DemoOpencv412\DemoOpencv44\DemoOpencv44Dlg.cpp(497,16): warning C4244: '=' : conversion de 'double' en 'float', perte possible de données
C:\Users\itta_\Documents\visualstudio_project\DemoOpencv412\DemoOpencv44\DemoOpencv44Dlg.cpp(497,64): warning C4244: '=' : conversion de 'double' en 'float', perte possible de données
C:\Users\itta_\Documents\visualstudio_project\DemoOpencv412\DemoOpencv44\DemoOpencv44Dlg.cpp(586,31): warning C4244: '=' : conversion de '_Tp' en '_Tp', perte possible de données
          with
          [
              _Tp=float
          ]
          and
          [
              _Tp=int
          ]
C:\Users\itta_\Documents\visualstudio_project\DemoOpencv412\DemoOpencv44\DemoOpencv44Dlg.cpp(587,31): warning C4244: '=' : conversion de '_Tp' en '_Tp', perte possible de données
          with
          [
              _Tp=float
          ]
          and
          [
              _Tp=int
          ]
C:\Users\itta_\Documents\visualstudio_project\DemoOpencv412\DemoOpencv44\DemoOpencv44Dlg.cpp(591,31): warning C4244: '=' : conversion de '_Tp' en '_Tp', perte possible de données
          with
          [
              _Tp=float
          ]
          and
          [
              _Tp=int
          ]
C:\Users\itta_\Documents\visualstudio_project\DemoOpencv412\DemoOpencv44\DemoOpencv44Dlg.cpp(592,31): warning C4244: '=' : conversion de '_Tp' en '_Tp', perte possible de données
          with
          [
              _Tp=float
          ]
          and
          [
              _Tp=int
          ]
C:\Users\itta_\Documents\visualstudio_project\DemoOpencv412\DemoOpencv44\DemoOpencv44Dlg.cpp(512,6): warning C4101: 'li' : variable locale non référencée
C:\Users\itta_\Documents\visualstudio_project\DemoOpencv412\DemoOpencv44\DemoOpencv44Dlg.cpp(512,15): warning C4101: 'k' : variable locale non référencée
C:\Users\itta_\Documents\visualstudio_project\DemoOpencv412\DemoOpencv44\DemoOpencv44Dlg.cpp(512,18): warning C4101: 'accuracy' : variable locale non référencée
C:\Users\itta_\Documents\visualstudio_project\DemoOpencv412\DemoOpencv44\DemoOpencv44Dlg.cpp(512,10): warning C4101: 'col' : variable locale non référencée
C:\Users\itta_\Documents\visualstudio_project\DemoOpencv412\DemoOpencv44\DemoOpencv44Dlg.cpp(737,30): warning C4244: '=' : conversion de '_Tp' en '_Tp', perte possible de données
          with
          [
              _Tp=float
          ]
          and
          [
              _Tp=int
          ]
C:\Users\itta_\Documents\visualstudio_project\DemoOpencv412\DemoOpencv44\DemoOpencv44Dlg.cpp(738,30): warning C4244: '=' : conversion de '_Tp' en '_Tp', perte possible de données
          with
          [
              _Tp=float
          ]
          and
          [
              _Tp=int
          ]
C:\Users\itta_\Documents\visualstudio_project\DemoOpencv412\DemoOpencv44\DemoOpencv44Dlg.cpp(742,30): warning C4244: '=' : conversion de '_Tp' en '_Tp', perte possible de données
          with
          [
              _Tp=float
          ]
          and
          [
              _Tp=int
          ]
C:\Users\itta_\Documents\visualstudio_project\DemoOpencv412\DemoOpencv44\DemoOpencv44Dlg.cpp(743,30): warning C4244: '=' : conversion de '_Tp' en '_Tp', perte possible de données
          with
          [
              _Tp=float
          ]
          and
          [
              _Tp=int
          ]
C:\Users\itta_\Documents\visualstudio_project\DemoOpencv412\DemoOpencv44\DemoOpencv44Dlg.cpp(653,6): warning C4101: 'li' : variable locale non référencée
C:\Users\itta_\Documents\visualstudio_project\DemoOpencv412\DemoOpencv44\DemoOpencv44Dlg.cpp(653,15): warning C4101: 'accuracy' : variable locale non référencée
C:\Users\itta_\Documents\visualstudio_project\DemoOpencv412\DemoOpencv44\DemoOpencv44Dlg.cpp(653,10): warning C4101: 'col' : variable locale non référencée
C:\Users\itta_\Documents\visualstudio_project\DemoOpencv412\DemoOpencv44\DemoOpencv44Dlg.cpp(888,30): warning C4244: '=' : conversion de '_Tp' en '_Tp', perte possible de données
          with
          [
              _Tp=float
          ]
          and
          [
              _Tp=int
          ]
C:\Users\itta_\Documents\visualstudio_project\DemoOpencv412\DemoOpencv44\DemoOpencv44Dlg.cpp(889,30): warning C4244: '=' : conversion de '_Tp' en '_Tp', perte possible de données
          with
          [
              _Tp=float
          ]
          and
          [
              _Tp=int
          ]
C:\Users\itta_\Documents\visualstudio_project\DemoOpencv412\DemoOpencv44\DemoOpencv44Dlg.cpp(893,30): warning C4244: '=' : conversion de '_Tp' en '_Tp', perte possible de données
          with
          [
              _Tp=float
          ]
          and
          [
              _Tp=int
          ]
C:\Users\itta_\Documents\visualstudio_project\DemoOpencv412\DemoOpencv44\DemoOpencv44Dlg.cpp(894,30): warning C4244: '=' : conversion de '_Tp' en '_Tp', perte possible de données
          with
          [
              _Tp=float
          ]
          and
          [
              _Tp=int
          ]
C:\Users\itta_\Documents\visualstudio_project\DemoOpencv412\DemoOpencv44\DemoOpencv44Dlg.cpp(799,6): warning C4101: 'li' : variable locale non référencée
C:\Users\itta_\Documents\visualstudio_project\DemoOpencv412\DemoOpencv44\DemoOpencv44Dlg.cpp(799,15): warning C4101: 'accuracy' : variable locale non référencée
C:\Users\itta_\Documents\visualstudio_project\DemoOpencv412\DemoOpencv44\DemoOpencv44Dlg.cpp(799,10): warning C4101: 'col' : variable locale non référencée
C:\Users\itta_\Documents\visualstudio_project\DemoOpencv412\DemoOpencv44\DemoOpencv44Dlg.cpp(1023,29): warning C4244: '=' : conversion de '_Tp' en '_Tp', perte possible de données
          with
          [
              _Tp=float
          ]
          and
          [
              _Tp=int
          ]
C:\Users\itta_\Documents\visualstudio_project\DemoOpencv412\DemoOpencv44\DemoOpencv44Dlg.cpp(1024,29): warning C4244: '=' : conversion de '_Tp' en '_Tp', perte possible de données
          with
          [
              _Tp=float
          ]
          and
          [
              _Tp=int
          ]
C:\Users\itta_\Documents\visualstudio_project\DemoOpencv412\DemoOpencv44\DemoOpencv44Dlg.cpp(1028,29): warning C4244: '=' : conversion de '_Tp' en '_Tp', perte possible de données
          with
          [
              _Tp=float
          ]
          and
          [
              _Tp=int
          ]
C:\Users\itta_\Documents\visualstudio_project\DemoOpencv412\DemoOpencv44\DemoOpencv44Dlg.cpp(1029,29): warning C4244: '=' : conversion de '_Tp' en '_Tp', perte possible de données
          with
          [
              _Tp=float
          ]
          and
          [
              _Tp=int
          ]
  Génération de code en cours
  1 of 462 functions ( 0.2%) were compiled, the rest were copied from previous compilation.
    0 functions were new in current compilation
    1 functions had inline decision re-evaluated but remain unchanged
  Fin de la génération du code
  DemoOpencv44.vcxproj -> C:\Users\itta_\Documents\visualstudio_project\DemoOpencv412\x64\Release\DemoOpencv44.exe
